<?xml version="1.0" encoding="UTF-8"?>
<testsuite xmlns:xsi="http://www.w3.org/2001/XMLSchema-instance" xsi:noNamespaceSchemaLocation="https://maven.apache.org/surefire/maven-surefire-plugin/xsd/surefire-test-report-3.0.xsd" version="3.0" name="com.tp.tradexcelsior.TradexcelsiorApplicationTests" time="4.853" tests="1" errors="0" skipped="0" failures="0">
  <properties>
[...]
</properties>
  <testcase name="contextLoads" classname="com.tp.tradexcelsior.TradexcelsiorApplicationTests" time="1.31">
    <system-out><![CDATA[18:06:37.988 [main] INFO org.springframework.test.context.support.AnnotationConfigContextLoaderUtils -- Could not detect default configuration classes for test class [com.tp.tradexcelsior.TradexcelsiorApplicationTests]: TradexcelsiorApplicationTests does not declare any static, non-private, non-final, nested classes annotated with @Configuration.
18:06:38.192 [main] INFO org.springframework.boot.test.context.SpringBootTestContextBootstrapper -- Found @SpringBootConfiguration com.tp.tradexcelsior.TradexcelsiorApplication for test class com.tp.tradexcelsior.TradexcelsiorApplicationTests

  .   ____          _            __ _ _
 /\\ / ___'_ __ _ _(_)_ __  __ _ \ \ \ \
( ( )\___ | '_ | '_| | '_ \/ _` | \ \ \ \
 \\/  ___)| |_)| | | | | || (_| |  ) ) ) )
  '  |____| .__|_| |_|_| |_\__, | / / / /
 =========|_|==============|___/=/_/_/_/

 :: Spring Boot ::                (v3.3.8)

2025-03-06T18:06:39.073+05:30  INFO 16284 --- [tradexcelsior] [           main] c.t.t.TradexcelsiorApplicationTests      : Starting TradexcelsiorApplicationTests using Java 23 with PID 16284 (started by Shreya S in C:\Users\User\s3 poc\TradeProject\team1)
2025-03-06T18:06:39.076+05:30  INFO 16284 --- [tradexcelsior] [           main] c.t.t.TradexcelsiorApplicationTests      : No active profile set, falling back to 1 default profile: "default"
2025-03-06T18:06:41.220+05:30  INFO 16284 --- [tradexcelsior] [           main] c.t.t.TradexcelsiorApplicationTests      : Started TradexcelsiorApplicationTests in 2.73 seconds (process running for 4.313)
]]></system-out>
    <system-err><![CDATA[WARNING: A Java agent has been loaded dynamically (C:\Users\User\.m2\repository\net\bytebuddy\byte-buddy-agent\1.14.19\byte-buddy-agent-1.14.19.jar)
WARNING: If a serviceability tool is in use, please run with -XX:+EnableDynamicAgentLoading to hide this warning
WARNING: If a serviceability tool is not in use, please run with -Djdk.instrument.traceUsage for more information
WARNING: Dynamic loading of agents will be disallowed by default in a future release
]]></system-err>
  </testcase>
</testsuite>